[18Oct2024 00:00:48.553] [Server thread/INFO] [net.minecraft.server.dedicated.DedicatedServer/]: Tranished was slain by The Moonflower
[18Oct2024 00:00:50.560] [Server thread/INFO] [net.minecraft.server.dedicated.DedicatedServer/]: No player was found
[18Oct2024 00:00:50.561] [Server thread/INFO] [tac/]: PENDING
[18Oct2024 00:01:01.804] [Server thread/INFO] [net.minecraft.server.dedicated.DedicatedServer/]: <Tranished> xaero-waypoint:Shared Location:S:0:74:4:3:false:0:Internal-overworld-waypoints
[18Oct2024 00:03:10.786] [Server thread/INFO] [net.minecraft.server.network.ServerGamePacketListenerImpl/]: Tranished lost connection: Disconnected
[18Oct2024 00:03:10.787] [Server thread/INFO] [net.minecraft.server.dedicated.DedicatedServer/]: Tranished left the game
[18Oct2024 00:03:10.788] [Server thread/INFO] [xaero.pac.OpenPartiesAndClaims/]: Updating all forceload tickets for c959517a-67bb-3203-89a7-20b21b1cdf42
[18Oct2024 00:03:10.789] [Server thread/INFO] [voicechat/]: [voicechat] Disconnecting client Tranished
[18Oct2024 00:03:10.840] [Server thread/INFO] [sereneseasons/]: Season time skipped by 11241 in deceasedcraft:abyss
[18Oct2024 00:03:10.841] [Server thread/INFO] [sereneseasons/]: Season time skipped by 11241 in minecraft:the_end
[18Oct2024 00:03:10.842] [Server thread/INFO] [sereneseasons/]: Season time skipped by 11241 in lostcities:lostcity
[18Oct2024 00:03:10.844] [Server thread/INFO] [sereneseasons/]: Season time skipped by 11241 in minecraft:the_nether
[18Oct2024 00:03:10.864] [Server thread/INFO] [sereneseasons/]: Season time skipped by 11241 in minecraft:overworld
[18Oct2024 00:03:18.446] [Server thread/INFO] [net.minecraftforge.common.AdvancementLoadFix/]: Using new advancement loading for net.minecraft.server.PlayerAdvancements@68ab5cb5
[18Oct2024 00:03:18.456] [Server thread/INFO] [net.minecraft.server.players.PlayerList/]: Tranished[/127.8.182.13:45563] logged in with entity id 241847 at (-144.35819167491795, 73.0, 136.67935505951945)
[18Oct2024 00:03:18.492] [Server thread/INFO] [net.minecraft.server.dedicated.DedicatedServer/]: Tranished joined the game
[18Oct2024 00:03:18.493] [Server thread/INFO] [tac/]: PENDING
[18Oct2024 00:03:18.652] [Server thread/INFO] [xaero.pac.OpenPartiesAndClaims/]: Updating all forceload tickets for c959517a-67bb-3203-89a7-20b21b1cdf42
[18Oct2024 00:03:18.902] [Server thread/INFO] [voicechat/]: [voicechat] Received secret request of Tranished (17)
[18Oct2024 00:03:18.904] [Server thread/INFO] [voicechat/]: [voicechat] Sent secret to Tranished
[18Oct2024 00:07:37.555] [Server thread/INFO] [net.minecraft.server.dedicated.DedicatedServer/]: Tranished fell from a high place
[18Oct2024 00:07:42.161] [Server thread/INFO] [net.minecraft.server.dedicated.DedicatedServer/]: No player was found
[18Oct2024 00:07:42.162] [Server thread/INFO] [tac/]: PENDING
[18Oct2024 00:08:56.711] [Server thread/INFO] [net.minecraft.server.dedicated.DedicatedServer/]: [whitehairguy: Teleported Tranished to whitehairguy]
[18Oct2024 00:22:08.755] [Server thread/INFO] [net.minecraft.server.dedicated.DedicatedServer/]: Tranished has made the advancement [Sweet Dreams]
[18Oct2024 00:22:14.002] [Server thread/INFO] [sereneseasons/]: Season time skipped by 1142 in deceasedcraft:abyss
[18Oct2024 00:22:14.003] [Server thread/INFO] [sereneseasons/]: Season time skipped by 1142 in minecraft:the_end
[18Oct2024 00:22:14.005] [Server thread/INFO] [sereneseasons/]: Season time skipped by 1142 in lostcities:lostcity
[18Oct2024 00:22:14.007] [Server thread/INFO] [sereneseasons/]: Season time skipped by 1142 in minecraft:the_nether
[18Oct2024 00:22:14.013] [Server thread/INFO] [sereneseasons/]: Season time skipped by 1142 in minecraft:overworld
[18Oct2024 00:24:35.952] [Server thread/INFO] [net.minecraft.server.dedicated.DedicatedServer/]: Tranished has made the advancement [Suit Up]
[18Oct2024 00:24:37.648] [Server thread/INFO] [net.minecraft.server.dedicated.DedicatedServer/]: Tranished has made the advancement [Barrel Booty]
[18Oct2024 00:29:49.297] [Server thread/INFO] [net.minecraft.server.dedicated.DedicatedServer/]: whitehairguy has made the advancement [Immersive Engineering]
[18Oct2024 00:29:53.214] [Server thread/INFO] [net.minecraft.server.dedicated.DedicatedServer/]: Tranished has made the advancement [Immersive Engineering]
[18Oct2024 00:40:55.735] [Server thread/INFO] [net.minecraft.server.dedicated.DedicatedServer/]: Tranished has made the advancement [Monster Hunter]
[18Oct2024 00:43:06.299] [Server thread/INFO] [net.minecraft.server.dedicated.DedicatedServer/]: Tranished has made the advancement [Acquire Hardware]
[18Oct2024 00:43:51.870] [Server thread/INFO] [net.minecraft.server.dedicated.DedicatedServer/]: Tranished has made the advancement [Isn't It Iron Pick]
[18Oct2024 00:50:33.610] [Server thread/INFO] [net.minecraftforge.common.AdvancementLoadFix/]: Using new advancement loading for net.minecraft.server.PlayerAdvancements@4a9b889a
[18Oct2024 00:50:33.619] [Server thread/INFO] [net.minecraft.server.players.PlayerList/]: Rad1108[/127.238.2.243:54961] logged in with entity id 526493 at (-857.3562979148734, 60.0, 584.761770847915)
[18Oct2024 00:50:33.649] [Server thread/INFO] [net.minecraft.server.dedicated.DedicatedServer/]: Rad1108 joined the game
[18Oct2024 00:50:33.650] [Server thread/INFO] [tac/]: PENDING
[18Oct2024 00:50:33.734] [Server thread/INFO] [xaero.pac.OpenPartiesAndClaims/]: Updating all forceload tickets for 100e5775-f9ac-3544-a56b-55cdd79363c2
[18Oct2024 00:50:34.444] [Server thread/INFO] [voicechat/]: [voicechat] Received secret request of Rad1108 (17)
[18Oct2024 00:50:34.446] [Server thread/INFO] [voicechat/]: [voicechat] Sent secret to Rad1108
[18Oct2024 00:52:21.315] [Server thread/WARN] [net.minecraft.server.MinecraftServer/]: Can't keep up! Is the server overloaded? Running 2001ms or 40 ticks behind
[18Oct2024 00:55:51.855] [Server thread/INFO] [net.minecraft.server.dedicated.DedicatedServer/]: Tranished has made the advancement [Disme A Dozen]
[18Oct2024 00:58:15.070] [Server thread/WARN] [net.minecraft.server.MinecraftServer/]: Can't keep up! Is the server overloaded? Running 2005ms or 40 ticks behind
